<?xml version="1.0" encoding="UTF-8"?>
<coverage generated="1646188219429" clover="3.2.0">
  <project timestamp="1646188219429" name="All files">
    <metrics statements="14" coveredstatements="13" conditionals="2" coveredconditionals="2" methods="7" coveredmethods="6" elements="23" coveredelements="21" complexity="0" loc="14" ncloc="14" packages="4" files="4" classes="4"/>
    <package name="components.Header">
      <metrics statements="3" coveredstatements="3" conditionals="0" coveredconditionals="0" methods="2" coveredmethods="2"/>
      <file name="Header.tsx" path="/Users/savasyilmaz/Documents/tmdb-project/components/Header/Header.tsx">
        <metrics statements="3" coveredstatements="3" conditionals="0" coveredconditionals="0" methods="2" coveredmethods="2"/>
        <line num="5" count="1" type="stmt"/>
        <line num="12" count="1" type="stmt"/>
        <line num="25" count="3" type="stmt"/>
      </file>
    </package>
    <package name="components.MovieDetail">
      <metrics statements="2" coveredstatements="2" conditionals="2" coveredconditionals="2" methods="1" coveredmethods="1"/>
      <file name="CastItem.tsx" path="/Users/savasyilmaz/Documents/tmdb-project/components/MovieDetail/CastItem.tsx">
        <metrics statements="2" coveredstatements="2" conditionals="2" coveredconditionals="2" methods="1" coveredmethods="1"/>
        <line num="6" count="1" type="stmt"/>
        <line num="7" count="1" type="stmt"/>
      </file>
    </package>
    <package name="components.Movies">
      <metrics statements="3" coveredstatements="3" conditionals="0" coveredconditionals="0" methods="1" coveredmethods="1"/>
      <file name="MovieItem.tsx" path="/Users/savasyilmaz/Documents/tmdb-project/components/Movies/MovieItem.tsx">
        <metrics statements="3" coveredstatements="3" conditionals="0" coveredconditionals="0" methods="1" coveredmethods="1"/>
        <line num="10" count="1" type="stmt"/>
        <line num="11" count="1" type="stmt"/>
        <line num="13" count="1" type="stmt"/>
      </file>
    </package>
    <package name="helpers.api">
      <metrics statements="6" coveredstatements="5" conditionals="0" coveredconditionals="0" methods="3" coveredmethods="2"/>
      <file name="tmdbImageLoader.ts" path="/Users/savasyilmaz/Documents/tmdb-project/helpers/api/tmdbImageLoader.ts">
        <metrics statements="6" coveredstatements="5" conditionals="0" coveredconditionals="0" methods="3" coveredmethods="2"/>
        <line num="1" count="2" type="stmt"/>
        <line num="2" count="10" type="stmt"/>
        <line num="4" count="2" type="stmt"/>
        <line num="5" count="0" type="stmt"/>
        <line num="7" count="2" type="stmt"/>
        <line num="8" count="10" type="stmt"/>
      </file>
    </package>
  </project>
</coverage>
