{"/Users/savasyilmaz/Documents/tmdb-project/components/Header/Header.tsx": {"path":"/Users/savasyilmaz/Documents/tmdb-project/components/Header/Header.tsx","statementMap":{"0":{"start":{"line":5,"column":64},"end":{"line":9,"column":1}},"1":{"start":{"line":12,"column":2},"end":{"line":36,"column":4}},"2":{"start":{"line":25,"column":12},"end":{"line":31,"column":14}}},"fnMap":{"0":{"name":"Header","decl":{"start":{"line":11,"column":24},"end":{"line":11,"column":30}},"loc":{"start":{"line":11,"column":33},"end":{"line":37,"column":1}},"line":11},"1":{"name":"(anonymous_1)","decl":{"start":{"line":24,"column":25},"end":{"line":24,"column":26}},"loc":{"start":{"line":24,"column":54},"end":{"line":32,"column":11}},"line":24}},"branchMap":{},"s":{"0":1,"1":1,"2":3},"f":{"0":1,"1":3},"b":{},"_coverageSchema":"1a1c01bbd47fc00a2c39e90264f33305004495a9","hash":"26a7dc4f5b7c93c565c4ab91a7ca8ee2ee769011"}
,"/Users/savasyilmaz/Documents/tmdb-project/components/MovieDetail/CastItem.tsx": {"path":"/Users/savasyilmaz/Documents/tmdb-project/components/MovieDetail/CastItem.tsx","statementMap":{"0":{"start":{"line":6,"column":51},"end":{"line":36,"column":1}},"1":{"start":{"line":7,"column":2},"end":{"line":35,"column":4}}},"fnMap":{"0":{"name":"(anonymous_0)","decl":{"start":{"line":6,"column":51},"end":{"line":6,"column":52}},"loc":{"start":{"line":6,"column":65},"end":{"line":36,"column":1}},"line":6}},"branchMap":{"0":{"loc":{"start":{"line":9,"column":7},"end":{"line":33,"column":7}},"type":"binary-expr","locations":[{"start":{"line":9,"column":7},"end":{"line":9,"column":24}},{"start":{"line":10,"column":8},"end":{"line":32,"column":14}}],"line":9}},"s":{"0":1,"1":1},"f":{"0":1},"b":{"0":[1,1]},"_coverageSchema":"1a1c01bbd47fc00a2c39e90264f33305004495a9","hash":"b748efa2ef043ed9e5c338d7894aa17f4b80a7e0"}
,"/Users/savasyilmaz/Documents/tmdb-project/components/Movies/MovieItem.tsx": {"path":"/Users/savasyilmaz/Documents/tmdb-project/components/Movies/MovieItem.tsx","statementMap":{"0":{"start":{"line":10,"column":53},"end":{"line":72,"column":1}},"1":{"start":{"line":11,"column":33},"end":{"line":11,"column":55}},"2":{"start":{"line":13,"column":2},"end":{"line":71,"column":4}}},"fnMap":{"0":{"name":"(anonymous_0)","decl":{"start":{"line":10,"column":53},"end":{"line":10,"column":54}},"loc":{"start":{"line":10,"column":67},"end":{"line":72,"column":1}},"line":10}},"branchMap":{},"s":{"0":1,"1":1,"2":1},"f":{"0":1},"b":{},"_coverageSchema":"1a1c01bbd47fc00a2c39e90264f33305004495a9","hash":"f24c00c602212998d9ee0575cbf5db8d424c0247"}
,"/Users/savasyilmaz/Documents/tmdb-project/helpers/api/tmdbImageLoader.ts": {"path":"/Users/savasyilmaz/Documents/tmdb-project/helpers/api/tmdbImageLoader.ts","statementMap":{"0":{"start":{"line":1,"column":40},"end":{"line":2,"column":60}},"1":{"start":{"line":2,"column":2},"end":{"line":2,"column":60}},"2":{"start":{"line":4,"column":38},"end":{"line":5,"column":68}},"3":{"start":{"line":5,"column":2},"end":{"line":5,"column":68}},"4":{"start":{"line":7,"column":35},"end":{"line":8,"column":60}},"5":{"start":{"line":8,"column":2},"end":{"line":8,"column":60}}},"fnMap":{"0":{"name":"(anonymous_0)","decl":{"start":{"line":1,"column":40},"end":{"line":1,"column":41}},"loc":{"start":{"line":2,"column":2},"end":{"line":2,"column":60}},"line":2},"1":{"name":"(anonymous_1)","decl":{"start":{"line":4,"column":38},"end":{"line":4,"column":39}},"loc":{"start":{"line":5,"column":2},"end":{"line":5,"column":68}},"line":5},"2":{"name":"(anonymous_2)","decl":{"start":{"line":7,"column":35},"end":{"line":7,"column":36}},"loc":{"start":{"line":8,"column":2},"end":{"line":8,"column":60}},"line":8}},"branchMap":{},"s":{"0":2,"1":10,"2":2,"3":0,"4":2,"5":10},"f":{"0":10,"1":0,"2":10},"b":{},"_coverageSchema":"1a1c01bbd47fc00a2c39e90264f33305004495a9","hash":"5cf812059bd99b376c83d54c350c6337d31d51d2"}
}
