TN:
SF:components/Header/Header.tsx
FN:11,Header
FN:24,(anonymous_1)
FNF:2
FNH:2
FNDA:1,Header
FNDA:3,(anonymous_1)
DA:5,1
DA:12,1
DA:25,3
LF:3
LH:3
BRF:0
BRH:0
end_of_record
TN:
SF:components/MovieDetail/CastItem.tsx
FN:6,(anonymous_0)
FNF:1
FNH:1
FNDA:1,(anonymous_0)
DA:6,1
DA:7,1
LF:2
LH:2
BRDA:9,0,0,1
BRDA:9,0,1,1
BRF:2
BRH:2
end_of_record
TN:
SF:components/Movies/MovieItem.tsx
FN:10,(anonymous_0)
FNF:1
FNH:1
FNDA:1,(anonymous_0)
DA:10,1
DA:11,1
DA:13,1
LF:3
LH:3
BRF:0
BRH:0
end_of_record
TN:
SF:helpers/api/tmdbImageLoader.ts
FN:1,(anonymous_0)
FN:4,(anonymous_1)
FN:7,(anonymous_2)
FNF:3
FNH:2
FNDA:10,(anonymous_0)
FNDA:0,(anonymous_1)
FNDA:10,(anonymous_2)
DA:1,2
DA:2,10
DA:4,2
DA:5,0
DA:7,2
DA:8,10
LF:6
LH:5
BRF:0
BRH:0
end_of_record
